0 info it worked if it ends with ok
1 verbose cli [
1 verbose cli   '/opt/homebrew/Cellar/node/17.4.0/bin/node',
1 verbose cli   '/opt/homebrew/bin/npm',
1 verbose cli   'install',
1 verbose cli   'npm@latest',
1 verbose cli   '-g'
1 verbose cli ]
2 info using npm@4.0.0
3 info using node@v17.4.0
4 silly loadCurrentTree Starting
5 silly install loadCurrentTree
6 silly install readGlobalPackageData
7 silly fetchPackageMetaData npm@latest
8 silly fetchNamedPackageData npm
9 silly mapToRegistry name npm
10 silly mapToRegistry using default registry
11 silly mapToRegistry registry https://registry.npmjs.org/
12 silly mapToRegistry data Result {
12 silly mapToRegistry   raw: 'npm',
12 silly mapToRegistry   scope: null,
12 silly mapToRegistry   escapedName: 'npm',
12 silly mapToRegistry   name: 'npm',
12 silly mapToRegistry   rawSpec: '',
12 silly mapToRegistry   spec: 'latest',
12 silly mapToRegistry   type: 'tag'
12 silly mapToRegistry }
13 silly mapToRegistry uri https://registry.npmjs.org/npm
14 verbose request uri https://registry.npmjs.org/npm
15 verbose request no auth needed
16 info attempt registry request try #1 at 9:42:49 PM
17 verbose request id c2f13558713baab2
18 verbose etag W/"2475a367ec37698f54c153a8eac1698c"
19 verbose lastModified Wed, 04 May 2022 16:55:43 GMT
20 http request GET https://registry.npmjs.org/npm
21 http 304 https://registry.npmjs.org/npm
22 verbose headers {
22 verbose headers   date: 'Tue, 10 May 2022 04:42:49 GMT',
22 verbose headers   connection: 'keep-alive',
22 verbose headers   'cf-ray': '709002ad5fb07b07-LAX',
22 verbose headers   age: '276',
22 verbose headers   'cache-control': 'public, max-age=300',
22 verbose headers   etag: '"2475a367ec37698f54c153a8eac1698c"',
22 verbose headers   'last-modified': 'Wed, 04 May 2022 16:55:43 GMT',
22 verbose headers   vary: 'Accept-Encoding',
22 verbose headers   'cf-cache-status': 'HIT',
22 verbose headers   'expect-ct': 'max-age=604800, report-uri="https://report-uri.cloudflare.com/cdn-cgi/beacon/expect-ct"',
22 verbose headers   'x-amz-replication-status': 'COMPLETED',
22 verbose headers   server: 'cloudflare'
22 verbose headers }
23 silly get cb [
23 silly get   304,
23 silly get   {
23 silly get     date: 'Tue, 10 May 2022 04:42:49 GMT',
23 silly get     connection: 'keep-alive',
23 silly get     'cf-ray': '709002ad5fb07b07-LAX',
23 silly get     age: '276',
23 silly get     'cache-control': 'public, max-age=300',
23 silly get     etag: '"2475a367ec37698f54c153a8eac1698c"',
23 silly get     'last-modified': 'Wed, 04 May 2022 16:55:43 GMT',
23 silly get     vary: 'Accept-Encoding',
23 silly get     'cf-cache-status': 'HIT',
23 silly get     'expect-ct': 'max-age=604800, report-uri="https://report-uri.cloudflare.com/cdn-cgi/beacon/expect-ct"',
23 silly get     'x-amz-replication-status': 'COMPLETED',
23 silly get     server: 'cloudflare'
23 silly get   }
23 silly get ]
24 verbose etag https://registry.npmjs.org/npm from cache
25 verbose get saving npm to /Users/carloslima/.npm/registry.npmjs.org/npm/.cache.json
26 verbose correctMkdir /Users/carloslima/.npm correctMkdir not in flight; initializing
27 verbose stack TypeError: cb.apply is not a function
27 verbose stack     at /opt/homebrew/lib/node_modules/npm/node_modules/graceful-fs/polyfills.js:267:18
27 verbose stack     at FSReqCallback.oncomplete (node:fs:199:5)
28 verbose cwd /Users/carloslima/Documents/messenger
29 error Darwin 21.4.0
30 error argv "/opt/homebrew/Cellar/node/17.4.0/bin/node" "/opt/homebrew/bin/npm" "install" "npm@latest" "-g"
31 error node v17.4.0
32 error npm  v4.0.0
33 error cb.apply is not a function
34 error If you need help, you may report this error at:
34 error     <https://github.com/npm/npm/issues>
35 verbose exit [ 1, true ]
